1725698777475	geckodriver	INFO	Listening on 127.0.0.1:37251
1725698777524	mozrunner::runner	INFO	Running command: MOZ_CRASHREPORTER="1" MOZ_CRASHREPORTER_NO_REPORT="1" MOZ_CRASHREPORTER_SHUTDOWN="1" MOZ_NO_REMOTE="1" "/usr ... te" "--remote-debugging-port" "35007" "--remote-allow-hosts" "localhost" "-no-remote" "-profile" "/tmp/rust_mozprofileUd4vu6"
console.warn: services.settings: Ignoring preference override of remote settings server
console.warn: services.settings: Allow by setting MOZ_REMOTE_SETTINGS_DEVTOOLS=1 in the environment
1725698778142	Marionette	INFO	Marionette enabled
1725698778249	Marionette	INFO	Listening on port 46059
WebDriver BiDi listening on ws://127.0.0.1:35007
Read port: 46059
1725698778542	RemoteAgent	WARN	TLS certificate errors will be ignored for this session
console.error: ({})
console.error: CustomizableUI: 
  TypeError: aNode is null -- resource:///modules/CustomizableUI.sys.mjs:1715
console.error: CustomizableUI: 
  TypeError: aNode is null -- resource:///modules/CustomizableUI.sys.mjs:1715
console.error: CustomizableUI: 
  TypeError: aNode is null -- resource:///modules/CustomizableUI.sys.mjs:1715
DevTools listening on ws://127.0.0.1:35007/devtools/browser/c2b04a8c-a4e1-4c25-b609-ae7e1e42bc77
console.error: CustomizableUI: 
  TypeError: aNode is null -- resource:///modules/CustomizableUI.sys.mjs:1715
console.error: CustomizableUI: 
  TypeError: aNode is null -- resource:///modules/CustomizableUI.sys.mjs:1715
console.error: CustomizableUI: 
  TypeError: aNode is null -- resource:///modules/CustomizableUI.sys.mjs:1715
1725698790006	Marionette	INFO	Stopped listening on port 46059
