1725699304727	geckodriver	INFO	Listening on 127.0.0.1:48527
1725699304770	mozrunner::runner	INFO	Running command: MOZ_CRASHREPORTER="1" MOZ_CRASHREPORTER_NO_REPORT="1" MOZ_CRASHREPORTER_SHUTDOWN="1" MOZ_NO_REMOTE="1" "/usr ... te" "--remote-debugging-port" "42439" "--remote-allow-hosts" "localhost" "-no-remote" "-profile" "/tmp/rust_mozprofiledD0Vlz"
console.warn: services.settings: Ignoring preference override of remote settings server
console.warn: services.settings: Allow by setting MOZ_REMOTE_SETTINGS_DEVTOOLS=1 in the environment
1725699305348	Marionette	INFO	Marionette enabled
1725699305456	Marionette	INFO	Listening on port 37071
Read port: 37071
WebDriver BiDi listening on ws://127.0.0.1:42439
1725699305537	RemoteAgent	WARN	TLS certificate errors will be ignored for this session
console.error: ({})
DevTools listening on ws://127.0.0.1:42439/devtools/browser/438bc111-0612-441a-9b30-0e534af89909
console.error: CustomizableUI: 
  TypeError: aNode is null -- resource:///modules/CustomizableUI.sys.mjs:1715
console.error: CustomizableUI: 
  TypeError: aNode is null -- resource:///modules/CustomizableUI.sys.mjs:1715
console.error: CustomizableUI: 
  TypeError: aNode is null -- resource:///modules/CustomizableUI.sys.mjs:1715
console.error: CustomizableUI: 
  TypeError: aNode is null -- resource:///modules/CustomizableUI.sys.mjs:1715
console.error: CustomizableUI: 
  TypeError: aNode is null -- resource:///modules/CustomizableUI.sys.mjs:1715
console.error: CustomizableUI: 
  TypeError: aNode is null -- resource:///modules/CustomizableUI.sys.mjs:1715
1725699316527	Marionette	INFO	Stopped listening on port 37071
